Build started 5/21/2015 4:59:02 PM.
     1>Project "C:\Users\andisheh\Documents\GitHub\ChangeDetection\ChangeDetection\ChangeDetection\ChangeDetection.vcxproj" on node 2 (build target(s)).
     1>InitializeBuildStatus:
         Creating "Debug\ChangeDetection.unsuccessfulbuild" because "AlwaysCreate" was specified.
       ClCompile:
         c:\Program Files (x86)\Microsoft Visual Studio 10.0\VC\bin\CL.exe /c /ZI /nologo /W3 /WX- /Od /Oy- /D _MBCS /Gm /EHsc /RTC1 /MDd /GS /fp:precise /Zc:wchar_t /Zc:forScope /Fo"Debug\\" /Fd"Debug\vc100.pdb" /Gd /TP /analyze- /errorReport:prompt main.cpp
         main.cpp
       Link:
         c:\Program Files (x86)\Microsoft Visual Studio 10.0\VC\bin\link.exe /ERRORREPORT:PROMPT /OUT:"C:\Users\andisheh\Documents\GitHub\ChangeDetection\ChangeDetection\Debug\ChangeDetection.exe" /NOLOGO kernel32.lib user32.lib gdi32.lib winspool.lib comdlg32.lib advapi32.lib shell32.lib ole32.lib oleaut32.lib uuid.lib odbc32.lib odbccp32.lib /MANIFEST /ManifestFile:"Debug\ChangeDetection.exe.intermediate.manifest" /MANIFESTUAC:"level='asInvoker' uiAccess='false'" /DEBUG /PDB:"C:\Users\andisheh\Documents\GitHub\ChangeDetection\ChangeDetection\Debug\ChangeDetection.pdb" /TLBID:1 /DYNAMICBASE /NXCOMPAT /IMPLIB:"C:\Users\andisheh\Documents\GitHub\ChangeDetection\ChangeDetection\Debug\ChangeDetection.lib" /MACHINE:X86 Debug\App.obj
         Debug\IOHandler.obj
         Debug\main.obj
         Debug\Preprocessing.obj
         LINK : C:\Users\andisheh\Documents\GitHub\ChangeDetection\ChangeDetection\Debug\ChangeDetection.exe not found or not built by the last incremental link; performing full link
         ChangeDetection.vcxproj -> C:\Users\andisheh\Documents\GitHub\ChangeDetection\ChangeDetection\Debug\ChangeDetection.exe
       Manifest:
         C:\Program Files (x86)\Microsoft SDKs\Windows\v7.0A\bin\mt.exe /nologo /verbose /outputresource:"C:\Users\andisheh\Documents\GitHub\ChangeDetection\ChangeDetection\Debug\ChangeDetection.exe;#1" /manifest Debug\ChangeDetection.exe.intermediate.manifest
       FinalizeBuildStatus:
         Deleting file "Debug\ChangeDetection.unsuccessfulbuild".
         Touching "Debug\ChangeDetection.lastbuildstate".
     1>Done Building Project "C:\Users\andisheh\Documents\GitHub\ChangeDetection\ChangeDetection\ChangeDetection\ChangeDetection.vcxproj" (build target(s)).

Build succeeded.

Time Elapsed 00:00:09.69
